[2026-02-13T12:19:42.463Z] Request: / - 200
[2026-02-13T12:19:42.758Z] Request: /apple-touch-icon-precomposed.png - 404
[2026-02-13T12:19:42.758Z] Request: /favicon.ico - 404
[2026-02-13T12:19:42.915Z] Request: /apple-touch-icon.png - 404
[2026-02-13T12:19:43.043Z] Request: /favicon.ico - 404
[2026-02-13T12:23:01.843Z] Request: / - 200
[2026-02-13T12:23:05.108Z] Request: / - 200
[2026-02-13T12:24:31.846Z] Request: / - 200
[2026-02-13T12:27:16.153Z] Request: / - 200
[2026-02-13T12:28:56.674Z] Request: / - 200
[2026-02-13T12:29:23.082Z] Request: / - 200
[2026-02-13T12:29:27.575Z] Request: / - 200
[2026-02-13T12:29:31.482Z] Request: / - 200
[2026-02-13T12:29:50.697Z] Request: / - 200
[2026-02-13T12:31:48.770Z] Request: / - 200
[2026-02-13T12:32:04.746Z] Request: / - 200
[2026-02-13T12:33:12.150Z] Request: / - 200
[2026-02-13T12:41:49.899Z] Request: / - 200
[2026-02-13T12:42:24.590Z] Request: / - 200
[2026-02-13T12:42:41.702Z] Request: /disclaimer - 404
[2026-02-13T12:42:45.239Z] Request: /privacy - 404
[2026-02-13T12:42:47.986Z] Request: /agreement - 404
[2026-02-13T12:42:49.607Z] Request: /requisites - 404
[2026-02-13T12:43:00.416Z] Request: /requisites - 404
[2026-02-13T12:43:01.276Z] Request: / - 200
[2026-02-13T12:54:34.152Z] Request: / - 200
[2026-02-13T12:57:14.509Z] Request: / - 200
[2026-02-13T12:58:14.833Z] Request: / - 200
[2026-02-13T12:59:58.569Z] Request: / - 200
[2026-02-13T13:05:36.094Z] Request: / - 200
[2026-02-13T13:05:37.875Z] Request: /privacy - 200
[2026-02-13T13:06:12.532Z] Request: / - 200
[2026-02-13T13:06:12.548Z] Request: /privacy - 200
[2026-02-13T13:06:12.566Z] Request: /agreement - 200
[2026-02-13T13:06:12.583Z] Request: /disclaimer - 200
[2026-02-13T13:06:12.599Z] Request: /requisites - 200
[2026-02-13T13:09:05.946Z] Request: / - 200
[2026-02-13T13:12:12.374Z] Request: / - 200
[2026-02-13T13:12:12.386Z] Request: /tax-2026 - 200
[2026-02-13T13:12:12.397Z] Request: /services - 200
[2026-02-13T13:12:12.408Z] Request: /calculator - 200
[2026-02-13T13:12:12.418Z] Request: /cases - 200
[2026-02-13T13:12:12.436Z] Request: /contact - 405
[2026-02-13T13:12:12.447Z] Request: /admin - 200
[2026-02-13T13:12:22.748Z] Request: / - 200
[2026-02-13T13:12:39.178Z] Request: /contact - 200
[2026-02-13T13:12:48.410Z] Request: / - 200
[2026-02-13T13:12:58.275Z] Request: / - 200
[2026-02-13T13:13:06.973Z] Request: / - 200
[2026-02-13T13:13:17.132Z] Request: / - 200
[2026-02-13T13:13:42.240Z] Request: / - 200
[2026-02-13T13:14:24.180Z] Request: / - 200
[2026-02-13T13:22:05.486Z] Request: / - 200
[2026-02-13T13:22:15.935Z] Request: / - 200
[2026-02-13T13:27:37.924Z] Request: / - 200
[2026-02-13T13:29:17.119Z] Request: / - 200
[2026-02-13T13:38:47.097Z] Request: / - 200
[2026-02-13T13:39:03.331Z] Request: /tax-2026 - 200
[2026-02-13T13:39:03.413Z] Request: /tax-2026 - 200
[2026-02-13T13:39:04.924Z] Request: /services - 200
[2026-02-13T13:39:05.032Z] Request: /services - 200
[2026-02-13T13:39:10.578Z] Request: /services - 200
[2026-02-13T13:39:10.625Z] Request: /services - 200
[2026-02-13T13:39:17.474Z] Request: /services - 200
[2026-02-13T13:39:17.503Z] Request: /services - 200
[2026-02-13T13:39:18.853Z] Request: / - 200
[2026-02-13T13:39:22.214Z] Request: /calculator - 200
[2026-02-13T13:39:24.982Z] Request: /cases - 200
[2026-02-13T13:39:26.624Z] Request: /contact - 200
[2026-02-13T13:39:28.362Z] Request: /admin - 200
[2026-02-13T13:39:33.213Z] Request: / - 200
[2026-02-13T13:44:05.879Z] Request: / - 200
[2026-02-13T15:09:38.703Z] Request: / - 200
[2026-02-13T15:13:19.904Z] Request: /calculator - 200
[2026-02-13T15:15:45.425Z] Request: /calculator - 200
[2026-02-13T15:34:20.603Z] Request: / - 200
[2026-02-13T15:40:21.978Z] Request: / - 200
